<?xml version="1.0" encoding="UTF-8"?>
<coverage generated="1777820236178" clover="3.2.0">
  <project timestamp="1777820236178" name="All files">
    <metrics statements="16" coveredstatements="14" conditionals="22" coveredconditionals="20" methods="2" coveredmethods="2" elements="40" coveredelements="36" complexity="0" loc="16" ncloc="16" packages="1" files="1" classes="1"/>
    <file name="utils.js" path="/Users/hellofi/virtual-prompt-war-2/utils.js">
      <metrics statements="16" coveredstatements="14" conditionals="22" coveredconditionals="20" methods="2" coveredmethods="2"/>
      <line num="5" count="1" type="stmt"/>
      <line num="13" count="3" type="cond" truecount="2" falsecount="0"/>
      <line num="14" count="1" type="cond" truecount="1" falsecount="1"/>
      <line num="15" count="0" type="stmt"/>
      <line num="18" count="1" type="stmt"/>
      <line num="27" count="4" type="stmt"/>
      <line num="28" count="4" type="cond" truecount="5" falsecount="0"/>
      <line num="29" count="1" type="stmt"/>
      <line num="30" count="3" type="cond" truecount="5" falsecount="0"/>
      <line num="31" count="1" type="stmt"/>
      <line num="32" count="2" type="cond" truecount="4" falsecount="0"/>
      <line num="33" count="1" type="stmt"/>
      <line num="35" count="1" type="stmt"/>
      <line num="40" count="1" type="cond" truecount="3" falsecount="1"/>
      <line num="41" count="1" type="stmt"/>
      <line num="43" count="0" type="stmt"/>
    </file>
  </project>
</coverage>
