{"/Users/hellofi/virtual-prompt-war-2/utils.js": {"path":"/Users/hellofi/virtual-prompt-war-2/utils.js","statementMap":{"0":{"start":{"line":5,"column":14},"end":{"line":37,"column":1}},"1":{"start":{"line":13,"column":8},"end":{"line":13,"column":28}},"2":{"start":{"line":13,"column":18},"end":{"line":13,"column":28}},"3":{"start":{"line":14,"column":8},"end":{"line":16,"column":9}},"4":{"start":{"line":15,"column":12},"end":{"line":15,"column":43}},"5":{"start":{"line":18,"column":8},"end":{"line":18,"column":63}},"6":{"start":{"line":27,"column":22},"end":{"line":27,"column":47}},"7":{"start":{"line":28,"column":8},"end":{"line":34,"column":9}},"8":{"start":{"line":29,"column":12},"end":{"line":29,"column":21}},"9":{"start":{"line":30,"column":15},"end":{"line":34,"column":9}},"10":{"start":{"line":31,"column":12},"end":{"line":31,"column":21}},"11":{"start":{"line":32,"column":15},"end":{"line":34,"column":9}},"12":{"start":{"line":33,"column":12},"end":{"line":33,"column":21}},"13":{"start":{"line":35,"column":8},"end":{"line":35,"column":17}},"14":{"start":{"line":40,"column":0},"end":{"line":44,"column":1}},"15":{"start":{"line":41,"column":4},"end":{"line":41,"column":27}},"16":{"start":{"line":43,"column":4},"end":{"line":43,"column":25}}},"fnMap":{"0":{"name":"(anonymous_0)","decl":{"start":{"line":12,"column":18},"end":{"line":12,"column":19}},"loc":{"start":{"line":12,"column":27},"end":{"line":19,"column":5}},"line":12},"1":{"name":"(anonymous_1)","decl":{"start":{"line":26,"column":27},"end":{"line":26,"column":28}},"loc":{"start":{"line":26,"column":44},"end":{"line":36,"column":5}},"line":26}},"branchMap":{"0":{"loc":{"start":{"line":13,"column":8},"end":{"line":13,"column":28}},"type":"if","locations":[{"start":{"line":13,"column":8},"end":{"line":13,"column":28}},{"start":{},"end":{}}],"line":13},"1":{"loc":{"start":{"line":14,"column":8},"end":{"line":16,"column":9}},"type":"if","locations":[{"start":{"line":14,"column":8},"end":{"line":16,"column":9}},{"start":{},"end":{}}],"line":14},"2":{"loc":{"start":{"line":28,"column":8},"end":{"line":34,"column":9}},"type":"if","locations":[{"start":{"line":28,"column":8},"end":{"line":34,"column":9}},{"start":{"line":30,"column":15},"end":{"line":34,"column":9}}],"line":28},"3":{"loc":{"start":{"line":28,"column":12},"end":{"line":28,"column":98}},"type":"binary-expr","locations":[{"start":{"line":28,"column":12},"end":{"line":28,"column":38}},{"start":{"line":28,"column":42},"end":{"line":28,"column":67}},{"start":{"line":28,"column":71},"end":{"line":28,"column":98}}],"line":28},"4":{"loc":{"start":{"line":30,"column":15},"end":{"line":34,"column":9}},"type":"if","locations":[{"start":{"line":30,"column":15},"end":{"line":34,"column":9}},{"start":{"line":32,"column":15},"end":{"line":34,"column":9}}],"line":30},"5":{"loc":{"start":{"line":30,"column":19},"end":{"line":30,"column":97}},"type":"binary-expr","locations":[{"start":{"line":30,"column":19},"end":{"line":30,"column":41}},{"start":{"line":30,"column":45},"end":{"line":30,"column":71}},{"start":{"line":30,"column":75},"end":{"line":30,"column":97}}],"line":30},"6":{"loc":{"start":{"line":32,"column":15},"end":{"line":34,"column":9}},"type":"if","locations":[{"start":{"line":32,"column":15},"end":{"line":34,"column":9}},{"start":{},"end":{}}],"line":32},"7":{"loc":{"start":{"line":32,"column":19},"end":{"line":32,"column":66}},"type":"binary-expr","locations":[{"start":{"line":32,"column":19},"end":{"line":32,"column":40}},{"start":{"line":32,"column":44},"end":{"line":32,"column":66}}],"line":32},"8":{"loc":{"start":{"line":40,"column":0},"end":{"line":44,"column":1}},"type":"if","locations":[{"start":{"line":40,"column":0},"end":{"line":44,"column":1}},{"start":{"line":42,"column":7},"end":{"line":44,"column":1}}],"line":40},"9":{"loc":{"start":{"line":40,"column":4},"end":{"line":40,"column":51}},"type":"binary-expr","locations":[{"start":{"line":40,"column":4},"end":{"line":40,"column":33}},{"start":{"line":40,"column":37},"end":{"line":40,"column":51}}],"line":40}},"s":{"0":1,"1":3,"2":2,"3":1,"4":0,"5":1,"6":4,"7":4,"8":1,"9":3,"10":1,"11":2,"12":1,"13":1,"14":1,"15":1,"16":0},"f":{"0":3,"1":4},"b":{"0":[2,1],"1":[0,1],"2":[1,3],"3":[4,3,3],"4":[1,2],"5":[3,2,2],"6":[1,1],"7":[2,1],"8":[1,0],"9":[1,1]},"_coverageSchema":"1a1c01bbd47fc00a2c39e90264f33305004495a9","hash":"40a946abb1203657bdf57cb6e2affa288839f94c"}
}
