TN:
SF:utils.js
FN:12,(anonymous_0)
FN:26,(anonymous_1)
FNF:2
FNH:2
FNDA:3,(anonymous_0)
FNDA:4,(anonymous_1)
DA:5,1
DA:13,3
DA:14,1
DA:15,0
DA:18,1
DA:27,4
DA:28,4
DA:29,1
DA:30,3
DA:31,1
DA:32,2
DA:33,1
DA:35,1
DA:40,1
DA:41,1
DA:43,0
LF:16
LH:14
BRDA:13,0,0,2
BRDA:13,0,1,1
BRDA:14,1,0,0
BRDA:14,1,1,1
BRDA:28,2,0,1
BRDA:28,2,1,3
BRDA:28,3,0,4
BRDA:28,3,1,3
BRDA:28,3,2,3
BRDA:30,4,0,1
BRDA:30,4,1,2
BRDA:30,5,0,3
BRDA:30,5,1,2
BRDA:30,5,2,2
BRDA:32,6,0,1
BRDA:32,6,1,1
BRDA:32,7,0,2
BRDA:32,7,1,1
BRDA:40,8,0,1
BRDA:40,8,1,0
BRDA:40,9,0,1
BRDA:40,9,1,1
BRF:22
BRH:20
end_of_record
